[debug] [2020-04-09T17:18:43.554Z] ----------------------------------------------------------------------
[debug] [2020-04-09T17:18:43.556Z] Command:       D:\Programs\node.js\node.exe C:\Users\wojci\AppData\Roaming\npm\node_modules\firebase-tools\lib\bin\firebase.js init
[debug] [2020-04-09T17:18:43.556Z] CLI Version:   8.0.2
[debug] [2020-04-09T17:18:43.556Z] Platform:      win32
[debug] [2020-04-09T17:18:43.556Z] Node Version:  v10.17.0
[debug] [2020-04-09T17:18:43.557Z] Time:          Thu Apr 09 2020 19:18:43 GMT+0200 (GMT+02:00)
[debug] [2020-04-09T17:18:43.557Z] ----------------------------------------------------------------------
[debug] [2020-04-09T17:18:43.557Z] 
[debug] [2020-04-09T17:18:43.565Z] > command requires scopes: ["email","openid","https://www.googleapis.com/auth/cloudplatformprojects.readonly","https://www.googleapis.com/auth/firebase","https://www.googleapis.com/auth/cloud-platform"]
[debug] [2020-04-09T17:18:44.212Z] Error: Could not load the default credentials. Browse to https://cloud.google.com/docs/authentication/getting-started for more information.
    at GoogleAuth.getApplicationDefaultAsync (C:\Users\wojci\AppData\Roaming\npm\node_modules\firebase-tools\node_modules\google-auth-library\build\src\auth\googleauth.js:160:19)
    at process._tickCallback (internal/process/next_tick.js:68:7)
[error] 
[error] Error: An unexpected error has occurred.
[debug] [2020-04-09T17:30:39.509Z] ----------------------------------------------------------------------
[debug] [2020-04-09T17:30:39.510Z] Command:       D:\Programs\node.js\node.exe C:\Users\wojci\AppData\Roaming\npm\node_modules\firebase-tools\lib\bin\firebase.js login
[debug] [2020-04-09T17:30:39.510Z] CLI Version:   8.0.2
[debug] [2020-04-09T17:30:39.510Z] Platform:      win32
[debug] [2020-04-09T17:30:39.511Z] Node Version:  v10.17.0
[debug] [2020-04-09T17:30:39.511Z] Time:          Thu Apr 09 2020 19:30:39 GMT+0200 (GMT+02:00)
[debug] [2020-04-09T17:30:39.511Z] ----------------------------------------------------------------------
[debug] [2020-04-09T17:30:39.511Z] 
[info] i  Firebase optionally collects CLI usage and error reporting information to help improve our products. Data is collected in accordance with Google's privacy policy (https://policies.google.com/privacy) and is not used to identify you.

[info] 
[info] Visit this URL on this device to log in:
[info] https://accounts.google.com/o/oauth2/auth?client_id=563584335869-fgrhgmd47bqnekij5i8b5pr03ho849e6.apps.googleusercontent.com&scope=email%20openid%20https%3A%2F%2Fwww.googleapis.com%2Fauth%2Fcloudplatformprojects.readonly%20https%3A%2F%2Fwww.googleapis.com%2Fauth%2Ffirebase%20https%3A%2F%2Fwww.googleapis.com%2Fauth%2Fcloud-platform&response_type=code&state=820193903&redirect_uri=http%3A%2F%2Flocalhost%3A9005
[info] 
[info] Waiting for authentication...
